<?xml version="1.0" encoding="utf-8"?><testsuites name="pytest tests"><testsuite name="pytest" errors="0" failures="0" skipped="1" tests="224" time="19.365" timestamp="2026-05-13T19:19:07.415903-03:00" hostname="DESKTOP-13RE6TB"><testcase classname="tests.test_core.TestTokenBucket" name="test_initial_state" time="0.003" /><testcase classname="tests.test_core.TestTokenBucket" name="test_acquire_increments_rpm" time="0.009" /><testcase classname="tests.test_core.TestTokenBucket" name="test_status_returns_dict" time="0.001" /><testcase classname="tests.test_core.TestRateLimiter" name="test_singleton" time="0.001" /><testcase classname="tests.test_core.TestRateLimiter" name="test_acquire_provider" time="0.002" /><testcase classname="tests.test_core.TestCostTracker" name="test_initial_total_is_zero" time="0.001" /><testcase classname="tests.test_core.TestCostTracker" name="test_record_cost" time="0.001" /><testcase classname="tests.test_core.TestCostTracker" name="test_cost_by_provider" time="0.001" /><testcase classname="tests.test_core.TestRouter" name="test_record_assignment" time="0.001" /><testcase classname="tests.test_core.TestRouter" name="test_get_unused_models" time="0.001" /><testcase classname="tests.test_core.TestRouter" name="test_least_used_prefers_unused" time="0.001" /><testcase classname="tests.test_core.TestRouter" name="test_model_status_table" time="0.002" /><testcase classname="tests.test_core.TestConfig" name="test_llm_configs_has_5_providers" time="0.001" /><testcase classname="tests.test_core.TestConfig" name="test_all_configs_are_llm_config" time="0.001" /><testcase classname="tests.test_core.TestConfig" name="test_provider_limits_defined" time="0.001" /><testcase classname="tests.test_core.TestConfig" name="test_provider_has_model[claude]" time="0.001" /><testcase classname="tests.test_core.TestConfig" name="test_provider_has_model[gpt4o]" time="0.001" /><testcase classname="tests.test_core.TestConfig" name="test_provider_has_model[gemini]" time="0.002" /><testcase classname="tests.test_core.TestConfig" name="test_provider_has_model[perplexity]" time="0.001" /><testcase classname="tests.test_core.TestConfig" name="test_provider_has_model[groq]" time="0.001" /><testcase classname="tests.test_core.TestParsePlanDependencyFormats" name="test_deps_as_strings_unchanged" time="0.048" /><testcase classname="tests.test_core.TestParsePlanDependencyFormats" name="test_deps_as_dicts_normalized" time="0.001" /><testcase classname="tests.test_core.TestParsePlanDependencyFormats" name="test_deps_mixed_strings_and_dicts" time="0.001" /><testcase classname="tests.test_core.TestParsePlanDependencyFormats" name="test_deps_with_unknown_dict_keys_skipped" time="0.001" /><testcase classname="tests.test_e2e.TestFullPipelineE2E" name="test_orchestrator_run_full_pipeline" time="0.466" /><testcase classname="tests.test_e2e.TestFullPipelineE2E" name="test_kpi_history_persisted_after_run" time="0.407" /><testcase classname="tests.test_e2e.TestFullPipelineE2E" name="test_cache_hit_on_second_run" time="0.454" /><testcase classname="tests.test_e2e.TestCalibratorE2E" name="test_calibrator_learns_from_real_execution_reports" time="0.557"><skipped type="pytest.xfail" message="Flaky pre-existente: calibrator rejeita amostras de Perplexity por ratio 8.61x (default $0.008/k vs candidate $0.069/k) — o teste espera convergencia mas as amostras reais tem spread alto demais. 2026-05-13: AVG_COST_PER_CALL[perplexity] recalibrado de $0.008 para $0.05, mas a banda saudavel do calibrator (cap 5x) ainda rejeita outliers de research profunda. Acompanhar em sprint futura." /></testcase><testcase classname="tests.test_e2e.TestAutoCalibrationOnDrift" name="test_drift_triggers_auto_calibration" time="0.494" /><testcase classname="tests.test_e2e.TestReplayE2E" name="test_replay_last_after_e2e_run" time="0.047" /><testcase classname="tests.test_e2e.TestFallbackChainE2E" name="test_first_provider_fails_second_succeeds" time="0.265" /><testcase classname="tests.test_e2e.TestFallbackChainE2E" name="test_two_providers_fail_third_succeeds" time="0.268" /><testcase classname="tests.test_e2e.TestFallbackChainE2E" name="test_all_providers_fail_returns_failed_task" time="0.182" /><testcase classname="tests.test_e2e.TestFallbackChainE2E" name="test_fallback_chain_save_counter_increments" time="0.335" /><testcase classname="tests.test_finops_sqlite" name="test_atomic_increment_creates_row" time="0.007" /><testcase classname="tests.test_finops_sqlite" name="test_atomic_increment_accumulates" time="0.009" /><testcase classname="tests.test_finops_sqlite" name="test_atomic_increment_independent_per_provider" time="0.011" /><testcase classname="tests.test_finops_sqlite" name="test_atomic_increment_independent_per_date" time="0.015" /><testcase classname="tests.test_finops_sqlite" name="test_migration_imports_existing_json" time="0.010" /><testcase classname="tests.test_finops_sqlite" name="test_migration_skips_when_sqlite_already_has_data" time="0.008" /><testcase classname="tests.test_finops_sqlite" name="test_migration_skips_json_from_other_date" time="0.007" /><testcase classname="tests.test_finops_sqlite" name="test_finops_record_cost_atomic" time="0.012" /><testcase classname="tests.test_finops_sqlite" name="test_finops_record_cost_persists_across_instances" time="0.018" /><testcase classname="tests.test_finops_sqlite" name="test_finops_concurrent_increments_no_loss" time="0.011" /><testcase classname="tests.test_finops_sqlite" name="test_finops_json_snapshot_still_written" time="0.009" /><testcase classname="tests.test_finops_sqlite" name="test_finops_uses_atomic_increment_in_record_cost" time="0.002" /><testcase classname="tests.test_integration.TestRouterPrimaryWinsOverTier" name="test_research_high_complexity_starts_with_perplexity" time="0.001" /><testcase classname="tests.test_integration.TestRouterPrimaryWinsOverTier" name="test_writing_high_complexity_starts_with_gpt4o" time="0.001" /><testcase classname="tests.test_integration.TestRouterPrimaryWinsOverTier" name="test_classification_low_complexity_starts_with_groq" time="0.001" /><testcase classname="tests.test_integration.TestRouterPrimaryWinsOverTier" name="test_code_high_complexity_starts_with_gemini" time="0.001" /><testcase classname="tests.test_integration.TestRouterPrimaryWinsOverTier" name="test_architecture_starts_with_claude" time="0.001" /><testcase classname="tests.test_integration.TestRouterPrimaryWinsOverTier" name="test_critical_review_starts_with_claude" time="0.001" /><testcase classname="tests.test_integration.TestConcentrationCap" name="test_cap_constants_exist" time="0.001" /><testcase classname="tests.test_integration.TestConcentrationCap" name="test_cap_does_not_kick_in_below_min_tasks" time="0.001" /><testcase classname="tests.test_integration.TestConcentrationCap" name="test_cap_blocks_when_share_would_exceed_90pct" time="0.001" /><testcase classname="tests.test_integration.TestConcentrationCap" name="test_apply_cap_redirects_to_alternative_below_cap" time="0.001" /><testcase classname="tests.test_integration.TestLLMResponseSchema" name="test_llmresponse_has_text_attr_not_content" time="0.001" /><testcase classname="tests.test_integration.TestCostCalibration" name="test_claude_avg_cost_is_opus_4_6_realistic" time="0.001" /><testcase classname="tests.test_integration.TestCostCalibration" name="test_groq_entry_exists" time="0.001" /><testcase classname="tests.test_integration.TestClaudeTierDowngrade" name="test_low_complexity_downgrades_to_haiku" time="0.006" /><testcase classname="tests.test_integration.TestClaudeTierDowngrade" name="test_medium_complexity_downgrades_to_sonnet" time="0.001" /><testcase classname="tests.test_integration.TestClaudeTierDowngrade" name="test_high_complexity_keeps_opus" time="0.001" /><testcase classname="tests.test_integration.TestClaudeTierDowngrade" name="test_high_complexity_code_downgrades_to_sonnet" time="0.001" /><testcase classname="tests.test_integration.TestClaudeTierDowngrade" name="test_non_claude_unchanged" time="0.001" /><testcase classname="tests.test_integration.TestClaudeTierDowngrade" name="test_claude_tier_configs_exist" time="0.001" /><testcase classname="tests.test_integration.TestForce5LLM" name="test_force_all_default_off" time="0.001" /><testcase classname="tests.test_integration.TestForce5LLM" name="test_set_force_all_llms_toggles_flag" time="0.001" /><testcase classname="tests.test_integration.TestForce5LLM" name="test_orchestrator_propagates_force_all_llms" time="0.002" /><testcase classname="tests.test_integration.TestCLIStructure" name="test_cli_imports_clean" time="0.001" /><testcase classname="tests.test_integration.TestCLIStructure" name="test_cli_has_all_commands" time="0.001" /><testcase classname="tests.test_integration.TestCLIStructure" name="test_run_has_force_5_llm_flag" time="0.001" /><testcase classname="tests.test_integration.TestCLIStructure" name="test_status_has_ping_flag" time="0.001" /><testcase classname="tests.test_integration.TestTaskTypesCanonical" name="test_research_routes_to_perplexity" time="0.001" /><testcase classname="tests.test_integration.TestTaskTypesCanonical" name="test_writing_routes_to_gpt4o" time="0.001" /><testcase classname="tests.test_integration.TestTaskTypesCanonical" name="test_classification_routes_to_groq" time="0.001" /><testcase classname="tests.test_integration.TestTaskTypesCanonical" name="test_analysis_routes_to_gemini_flash" time="0.001" /><testcase classname="tests.test_integration.TestTaskTypesCanonical" name="test_code_routes_to_gemini" time="0.001" /><testcase classname="tests.test_integration.TestTaskTypesCanonical" name="test_review_routes_to_groq_heavy" time="0.001" /><testcase classname="tests.test_integration.TestTaskTypesCanonical" name="test_decomposition_routes_to_claude_sonnet" time="0.001" /><testcase classname="tests.test_integration.TestTaskTypesCanonical" name="test_architecture_routes_to_claude" time="0.001" /><testcase classname="tests.test_integration.TestTaskTypesCanonical" name="test_critical_review_routes_to_claude" time="0.001" /><testcase classname="tests.test_integration.TestExecutionReportSchema" name="test_taskresult_uses_text_field" time="0.001" /><testcase classname="tests.test_integration.TestExecutionReportSchema" name="test_executionreport_has_all_fields" time="0.001" /><testcase classname="tests.test_no_deprecated_models" name="test_no_deprecated_model_in_executable_code[claude-opus-4-20250514]" time="0.030" /><testcase classname="tests.test_no_deprecated_models" name="test_no_deprecated_model_in_executable_code[claude-3-opus-20240229]" time="0.027" /><testcase classname="tests.test_no_deprecated_models" name="test_no_deprecated_model_in_executable_code[claude-3-sonnet-20240229]" time="0.027" /><testcase classname="tests.test_no_deprecated_models" name="test_no_deprecated_model_in_executable_code[claude-3-haiku-20240307]" time="0.027" /><testcase classname="tests.test_no_deprecated_models" name="test_no_deprecated_model_in_executable_code[claude-2.1]" time="0.031" /><testcase classname="tests.test_no_deprecated_models" name="test_no_deprecated_model_in_executable_code[claude-2.0]" time="0.027" /><testcase classname="tests.test_no_deprecated_models" name="test_no_deprecated_model_in_executable_code[gpt-4-0125-preview]" time="0.026" /><testcase classname="tests.test_no_deprecated_models" name="test_no_deprecated_model_in_executable_code[gpt-4-1106-preview]" time="0.026" /><testcase classname="tests.test_no_deprecated_models" name="test_no_deprecated_model_in_executable_code[gpt-3.5-turbo-0125]" time="0.027" /><testcase classname="tests.test_no_deprecated_models" name="test_no_deprecated_model_in_executable_code[gemini-1.5-pro-002]" time="0.033" /><testcase classname="tests.test_no_deprecated_models" name="test_no_deprecated_model_in_executable_code[gemini-1.5-flash-002]" time="0.028" /><testcase classname="tests.test_no_deprecated_models" name="test_pipeline_system_base_is_cacheable" time="0.001" /><testcase classname="tests.test_no_deprecated_models" name="test_pipeline_max_tokens_is_capped" time="0.001" /><testcase classname="tests.test_prompt_registry" name="test_prompt_registry_loads" time="0.001" /><testcase classname="tests.test_prompt_registry" name="test_prompt_byte_identity_preserved" time="0.001" /><testcase classname="tests.test_prompt_registry" name="test_pipeline_re_exports_constants_for_compat" time="0.001" /><testcase classname="tests.test_prompt_registry" name="test_load_uses_read_bytes_not_read_text" time="0.002" /><testcase classname="tests.test_prompt_registry" name="test_template_file_exists_in_templates_dir" time="0.001" /><testcase classname="tests.test_prompt_registry" name="test_get_prompt_metadata_structure" time="0.001" /><testcase classname="tests.test_prompt_registry" name="test_execution_report_includes_prompt_metadata" time="0.001" /><testcase classname="tests.test_prompt_registry" name="test_repeated_loads_yield_identical_string" time="0.002" /><testcase classname="tests.test_prompt_registry" name="test_no_trailing_whitespace_introduced" time="0.002" /><testcase classname="tests.test_resilience_outage.TestCircuitBreakerOnSustainedOutage" name="test_breaker_opens_after_threshold_failures" time="2.663" /><testcase classname="tests.test_resilience_outage.TestCircuitBreakerOnSustainedOutage" name="test_subsequent_call_short_circuits_immediately" time="4.618" /><testcase classname="tests.test_resilience_outage.TestCircuitBreakerOnSustainedOutage" name="test_unavailable_backoff_is_short" time="1.047" /><testcase classname="tests.test_resilience_outage.TestCircuitBreakerOnSustainedOutage" name="test_429_keeps_long_backoff" time="1.195" /><testcase classname="tests.test_resilience_outage.TestRouterHealthAware" name="test_router_skips_open_provider" time="0.002" /><testcase classname="tests.test_resilience_outage.TestRouterHealthAware" name="test_router_degraded_provider_blocked_for_ttl" time="0.001" /><testcase classname="tests.test_resilience_outage.TestRouterHealthAware" name="test_decomposition_primary_is_claude_sonnet" time="0.001" /><testcase classname="tests.test_resilience_outage.TestRouterHealthAware" name="test_fallback_chains_have_cross_provider_top2" time="0.001" /><testcase classname="tests.test_resilience_outage.TestGeminiSplitProFlash" name="test_gemini_flash_exists_in_config" time="0.001" /><testcase classname="tests.test_resilience_outage.TestGeminiSplitProFlash" name="test_gemini_flash_cheaper_than_gemini_pro" time="0.001" /><testcase classname="tests.test_resilience_outage.TestGeminiSplitProFlash" name="test_economy_tasks_use_flash_not_pro" time="0.001" /><testcase classname="tests.test_resilience_outage.TestGeminiIntraProviderFallback" name="test_pro_503_falls_back_to_flash" time="0.019" /><testcase classname="tests.test_resilience_outage.TestGeminiIntraProviderFallback" name="test_flash_503_propagates_no_loop" time="0.004" /><testcase classname="tests.test_resilience_outage.TestGeminiIntraProviderFallback" name="test_pro_non_503_does_not_fallback" time="0.002" /><testcase classname="tests.test_sdk" name="test_sdk_module_imports" time="0.002" /><testcase classname="tests.test_sdk" name="test_sdk_has_version" time="0.001" /><testcase classname="tests.test_sdk" name="test_sdk_exports_orchestrator" time="0.001" /><testcase classname="tests.test_sdk" name="test_sdk_exports_execution_report" time="0.000" /><testcase classname="tests.test_sdk" name="test_sdk_exports_budget_exception" time="0.001" /><testcase classname="tests.test_sdk" name="test_sdk_exports_run_functions" time="0.001" /><testcase classname="tests.test_sdk" name="test_sdk_run_signature" time="0.001" /><testcase classname="tests.test_sdk" name="test_sdk_run_async_signature" time="0.001" /><testcase classname="tests.test_sdk" name="test_sdk_get_prompt_metadata" time="0.001" /><testcase classname="tests.test_sdk" name="test_sdk_get_finops_status" time="0.001" /><testcase classname="tests.test_sdk" name="test_sdk_get_health_status" time="0.059" /><testcase classname="tests.test_sdk" name="test_sdk_all_attribute_complete" time="0.001" /><testcase classname="tests.test_sdk" name="test_sdk_no_internal_leaks" time="0.001" /><testcase classname="tests.test_sdk" name="test_sdk_orchestrator_class_instantiable" time="0.002" /><testcase classname="tests.test_sprint3.TestSanitizeFilename" name="test_remove_accents" time="0.001" /><testcase classname="tests.test_sprint3.TestSanitizeFilename" name="test_blocks_path_traversal" time="0.001" /><testcase classname="tests.test_sprint3.TestSanitizeFilename" name="test_replaces_unsafe_chars_with_underscore" time="0.001" /><testcase classname="tests.test_sprint3.TestSanitizeFilename" name="test_empty_returns_fallback" time="0.001" /><testcase classname="tests.test_sprint3.TestSanitizeFilename" name="test_truncates_long_names" time="0.001" /><testcase classname="tests.test_sprint3.TestSanitizeFilename" name="test_handles_unicode_combining" time="0.001" /><testcase classname="tests.test_sprint3.TestSanitizePath" name="test_safe_path_inside_base" time="0.002" /><testcase classname="tests.test_sprint3.TestSanitizePath" name="test_path_traversal_blocked" time="0.002" /><testcase classname="tests.test_sprint3.TestSanitizeSlug" name="test_kebab_case" time="0.001" /><testcase classname="tests.test_sprint3.TestSanitizeSlug" name="test_slug_no_double_hyphens" time="0.001" /><testcase classname="tests.test_sprint3.TestDecomposerComplexity" name="test_code_default_is_medium_not_high" time="0.002" /><testcase classname="tests.test_sprint3.TestDecomposerComplexity" name="test_long_code_description_becomes_high" time="0.002" /><testcase classname="tests.test_sprint3.TestDecomposerComplexity" name="test_low_keyword_pushes_down" time="0.001" /><testcase classname="tests.test_sprint3.TestDecomposerComplexity" name="test_classification_stays_low" time="0.001" /><testcase classname="tests.test_sprint3.TestDecomposerComplexity" name="test_integration_task_boosted_by_deps" time="0.001" /><testcase classname="tests.test_sprint3.TestKPIHistory" name="test_compute_distribution_health_perfect" time="0.001" /><testcase classname="tests.test_sprint3.TestKPIHistory" name="test_compute_distribution_health_concentrated" time="0.001" /><testcase classname="tests.test_sprint3.TestKPIHistory" name="test_cost_estimate_accuracy" time="0.001" /><testcase classname="tests.test_sprint3.TestKPIHistory" name="test_append_creates_jsonl" time="0.003" /><testcase classname="tests.test_sprint3.TestDriftDetection" name="test_no_drift_when_healthy" time="0.004" /><testcase classname="tests.test_sprint3.TestDriftDetection" name="test_drift_triggers_after_3_out_of_band" time="0.004" /><testcase classname="tests.test_sprint3.TestDriftDetection" name="test_drift_resolves_when_returns_to_band" time="0.005" /><testcase classname="tests.test_sprint3.TestDashboardCommand" name="test_dashboard_in_commands" time="0.001" /><testcase classname="tests.test_sprint3.TestDashboardCommand" name="test_dashboard_has_limit_option" time="0.001" /><testcase classname="tests.test_sprint4.TestAvgCostRecalibration" name="test_claude_sonnet_in_avg_cost" time="0.001" /><testcase classname="tests.test_sprint4.TestAvgCostRecalibration" name="test_claude_haiku_in_avg_cost" time="0.001" /><testcase classname="tests.test_sprint4.TestAvgCostRecalibration" name="test_haiku_is_at_least_10x_cheaper_than_opus" time="0.001" /><testcase classname="tests.test_sprint4.TestAvgCostRecalibration" name="test_groq_remains_cheapest" time="0.001" /><testcase classname="tests.test_sprint4.TestSmartRouteDowngrade" name="test_smart_route_downgrades_low_complexity" time="0.001" /><testcase classname="tests.test_sprint4.TestSmartRouteDowngrade" name="test_smart_route_keeps_opus_for_high" time="0.001" /><testcase classname="tests.test_sprint4.TestSmartRouteDowngrade" name="test_smart_route_code_high_goes_to_gemini" time="0.001" /><testcase classname="tests.test_sprint4.TestSmartRouteDowngrade" name="test_smart_route_does_not_affect_non_claude" time="0.002" /><testcase classname="tests.test_sprint4.TestSmartRouteDowngrade" name="test_downgrade_unit_test_independent_of_route" time="0.002" /><testcase classname="tests.test_sprint4.TestDecomposerUsesGemini" name="test_orchestrator_decompose_cfg_is_gemini" time="0.002" /><testcase classname="tests.test_sprint4.TestDecomposerUsesGemini" name="test_orchestrator_falls_back_to_sonnet_if_gemini_missing" time="0.002" /><testcase classname="tests.test_sprint4.TestDecomposePromptReview" name="test_decompose_prompt_mentions_3_sub_reviews" time="0.001" /><testcase classname="tests.test_sprint4.TestDecomposePromptReview" name="test_decompose_prompt_mentions_paralelos_e_low_complexity" time="0.001" /><testcase classname="tests.test_sprint4.TestTierInternalEngagementRate" name="test_no_claude_returns_zero" time="0.001" /><testcase classname="tests.test_sprint4.TestTierInternalEngagementRate" name="test_only_opus_returns_zero" time="0.001" /><testcase classname="tests.test_sprint4.TestTierInternalEngagementRate" name="test_only_haiku_returns_one" time="0.001" /><testcase classname="tests.test_sprint4.TestTierInternalEngagementRate" name="test_mixed_50_50" time="0.001" /><testcase classname="tests.test_sprint4.TestTierInternalEngagementRate" name="test_kpi_entry_includes_tier_engagement" time="0.003" /><testcase classname="tests.test_sprint4.TestFallbackSaveRate" name="test_compute_save_rate_zero_runs" time="0.001" /><testcase classname="tests.test_sprint4.TestFallbackSaveRate" name="test_compute_save_rate_50pct" time="0.001" /><testcase classname="tests.test_sprint4.TestFallbackSaveRate" name="test_kpi_entry_records_fallback_saves" time="0.003" /><testcase classname="tests.test_sprint4.TestDashboardExport" name="test_dashboard_has_export_option" time="0.001" /><testcase classname="tests.test_sprint4.TestDashboardExport" name="test_dashboard_export_csv_choices" time="0.001" /><testcase classname="tests.test_sprint5.TestCostCalibrator" name="test_recalibrate_learns_from_history" time="0.007" /><testcase classname="tests.test_sprint5.TestCostCalibrator" name="test_min_sample_filter" time="0.004" /><testcase classname="tests.test_sprint5.TestCostCalibrator" name="test_get_calibrated_avg_cost_falls_back_to_static" time="0.001" /><testcase classname="tests.test_sprint5.TestCostCalibrator" name="test_outlier_filter" time="0.005" /><testcase classname="tests.test_sprint5.TestCostCalibrator" name="test_safety_threshold_rejects_extreme_calibration" time="0.005" /><testcase classname="tests.test_sprint5.TestCostCalibrator" name="test_calibration_backup_and_rollback" time="0.008" /><testcase classname="tests.test_sprint5.TestQualityJudgePassRate" name="test_pass_verdict" time="0.001" /><testcase classname="tests.test_sprint5.TestQualityJudgePassRate" name="test_fail_verdict" time="0.001" /><testcase classname="tests.test_sprint5.TestQualityJudgePassRate" name="test_none_when_not_invoked" time="0.001" /><testcase classname="tests.test_sprint5.TestParallelismEfficiency" name="test_perfect_parallelism" time="0.001" /><testcase classname="tests.test_sprint5.TestParallelismEfficiency" name="test_sequential_no_speedup" time="0.001" /><testcase classname="tests.test_sprint5.TestParallelismEfficiency" name="test_empty_returns_zero" time="0.001" /><testcase classname="tests.test_sprint5.TestAppendKPIEntrySprint5" name="test_persists_quality_judge_and_parallelism" time="0.004" /><testcase classname="tests.test_sprint5.TestAppendKPIEntrySprint5" name="test_quality_verdict_none_persists_as_none" time="0.004" /><testcase classname="tests.test_sprint5.TestDashboardSinceFilter" name="test_since_7d_includes_recent" time="0.034" /><testcase classname="tests.test_sprint5.TestDashboardSinceFilter" name="test_invalid_since_format" time="0.004" /><testcase classname="tests.test_sprint5.TestReplayCommand" name="test_replay_existing_report" time="0.019" /><testcase classname="tests.test_sprint5.TestReplayCommand" name="test_replay_last_alias" time="0.012" /><testcase classname="tests.test_sprint5.TestReplayCommand" name="test_replay_not_found" time="0.005" /><testcase classname="tests.test_sprint5.TestDoctorCommand" name="test_doctor_json_output" time="0.048" /><testcase classname="tests.test_sprint5.TestDoctorCommand" name="test_doctor_strict_exits_on_critical" time="0.049" /><testcase classname="tests.test_sprint5.TestDoctorCommand" name="test_doctor_human_output_renders" time="0.063" /><testcase classname="tests.test_sprint5.TestCatalogConsistency" name="test_catalog_loads" time="0.136" /><testcase classname="tests.test_sprint5.TestCatalogConsistency" name="test_no_drift_vs_config" time="0.057" /><testcase classname="tests.test_sprint5.TestCatalogConsistency" name="test_all_5_canonical_aliases_present" time="0.053" /><testcase classname="tests.test_sprint7.TestCatalogRuntimeSoT" name="test_llm_configs_loaded_from_catalog" time="0.001" /><testcase classname="tests.test_sprint7.TestCatalogRuntimeSoT" name="test_catalog_provides_correct_costs" time="0.001" /><testcase classname="tests.test_sprint7.TestCatalogRuntimeSoT" name="test_build_from_catalog_directly" time="0.056" /><testcase classname="tests.test_sprint7.TestCatalogRuntimeSoT" name="test_provider_enum_mapping" time="0.001" /><testcase classname="tests.test_sprint7.TestHealthServer" name="test_build_health_payload_structure" time="0.054" /><testcase classname="tests.test_sprint7.TestHealthServer" name="test_health_has_all_6_checks" time="0.056" /><testcase classname="tests.test_sprint7.TestHealthServer" name="test_metrics_payload_structure" time="0.002" /><testcase classname="tests.test_sprint7.TestHealthServer" name="test_health_handler_routes" time="0.057" /><testcase classname="tests.test_sprint7.TestDashboardHTML" name="test_render_returns_html" time="0.003" /><testcase classname="tests.test_sprint7.TestDashboardHTML" name="test_render_to_file" time="0.004" /><testcase classname="tests.test_sprint7.TestDashboardHTML" name="test_aggregate_consolidates_tier_internal_claude" time="0.001" /><testcase classname="tests.test_sprint7.TestHealthHandlerExtras" name="test_health_handler_404" time="0.001" /><testcase classname="tests.test_sprint7.TestHealthAuthF40" name="test_no_token_set_acts_as_public" time="0.052" /><testcase classname="tests.test_sprint7.TestHealthAuthF40" name="test_token_set_blocks_missing_header" time="0.001" /><testcase classname="tests.test_sprint7.TestHealthAuthF40" name="test_token_set_blocks_wrong_token" time="0.001" /><testcase classname="tests.test_sprint7.TestHealthAuthF40" name="test_token_set_accepts_correct_token" time="0.051" /><testcase classname="tests.test_sprint7.TestHealthAuthF40" name="test_root_docs_always_public_even_with_token" time="0.002" /><testcase classname="tests.test_sprint7.TestHealthAuthF40" name="test_check_auth_uses_compare_digest" time="0.002" /><testcase classname="tests.test_sprint7.TestHealthAuthF40" name="test_unauthorized_response_includes_www_authenticate" time="0.001" /></testsuite></testsuites>